[banco.santander.cl/personas.html]
[banco.santander.cl/uploads/000/028/085/c4d18bbd-8e6d-4578-9ba2-68b0f7f4a319/C32x32/favicon-santander.ico]
[banco.santander.cl/uploads/000/008/311/e96018a2-4368-4437-9b24-7668f37a66fe/C57x57/apple_logo.png]
[banco.santander.cl/uploads/000/008/311/e96018a2-4368-4437-9b24-7668f37a66fe/C72x72/apple_logo.png]
[banco.santander.cl/uploads/000/008/311/e96018a2-4368-4437-9b24-7668f37a66fe/C114x114/apple_logo.png]
[banco.santander.cl/uploads/000/008/311/e96018a2-4368-4437-9b24-7668f37a66fe/C144x144/apple_logo.png]
[backblue.gif]
[fade.gif]
[index.html]
[www.googleoptimize.com/optimize0ba0.js]
[banco.santander.cl/informacion/navegador-no-compatible.html]
[banco.santander.cl/personas/stylesheets/site-8fbe2a5bb1110baeb1150e9ab330769168fcf59b22bb1209b23bb0d638b35435.css]
[bcdn-god.we-stats.com/scripts/7b4df495/7b4df495.js]
[assets.adobedtm.com/c1b9100ea8e4/0cb058045019/launch-d648b6611f8a.min.js]
[banco.santander.cl/uploads/000/003/697/9c2347b3-ca36-4f53-9f65-5cd6bdabf0d2/original/logo_santander_new.svg]
[banco.santander.cl/uploads/000/050/630/0dd7ad0b-bb43-4141-bde3-0f9f0fbfef6f/original/logo-vina-2025.png]
[banco.santander.cl/personas/widget_manager/c48d044f-3bf2-4ee6-be98-7bd1666ea91e/93613be51538de8952fe29e1de2619281cf84f49c66162f995f93437dd390bfc.css]
[banco.santander.cl/personas/widget_manager/6f5d46c5-c86e-4558-b44e-6bac500221d1/63a83b1c8d940e039455052a11fc90c6a0e74d5fa58ea9c8ea79d2663c2abcd5.css]
[banco.santander.cl/personas/widget_manager/11870ddc-8d25-4b1e-b784-c3605dd414d2/8dc5d92b00c1b1dcaec9834ecd974f23ca92cec94ee049159255d6c63298d704.css]
[banco.santander.cl/personas/widget_manager/c01bfe85-7950-4316-88d8-8ee62dad0da8/dd22320e68eea9a3d3df16bf426122094f7a4b5dceff365eec47414cf9638d43.css]
[banco.santander.cl/personas/widget_manager/388209df-e610-4e33-8f27-7389a6b5d6bc/0dea844bd6d415d90f56e4f2f13ccb5e3be12e6ed2f2a9d5345cc5a12747d092.css]
[banco.santander.cl/personas/widget_manager/9eb6ff51-6fba-4568-b2a0-a45c55f229f6/ca45c936591a2a80ef77ee6b0084818a52e33425adbef6507dcae170004e9625.css]
[banco.santander.cl/personas/widget_manager/50f91996-2cc0-4696-94ca-a04ad35a39a4/db5b47418540b7a606ca6b9dee7760d67488ffc0c336eab0aba4cb265d46df27.css]
[banco.santander.cl/personas/widget_manager/34b0af4b-11c0-4457-8216-612b8a823c64/a71d45fd71ba57bf7289a6333a237472a126942f188149069961198d67e6511e.css]
[banco.santander.cl/personas/widget_manager/a2215f94-464f-4a21-89e4-ea8e55489a8f/90435666704c9f550fa2c93e1de0f9484d54e905b3d122fd2d2ed723abca0796.css]
[banco.santander.cl/personas/widget_manager/41985e4e-8405-470c-8384-d9fa087f4a52/4a0f2813e5270df19d0ec0f52f88e69741f16f4bdb2401fd98d9242a7c17440b.css]
[banco.santander.cl/personas/widget_manager/3f32fb08-ea77-4622-bb6a-946691cd8ee3/bd8781c2e84bdd3139a766b17c0da41c91743d5cc4f43e0a2eebc920f7484d08.css]
[banco.santander.cl/personas/seguros/vida/detalles.html]
[banco.santander.cl/personas/seguros/automotriz/detalles.html]
[banco.santander.cl/personas/tarjetas.html]
[banco.santander.cl/personas/planes.html]
[banco.santander.cl/personas/planes/cuenta-corriente-life.html]
[banco.santander.cl/personas/tarjetas/debito/detalles/tarjeta-de-debito.html]
[banco.santander.cl/personas/productos-santander/cuenta-corriente-moneda-extranjera.html]
[banco.santander.cl/personas/inversiones/detalles/fondos-mutuos.html]
[banco.santander.cl/personas/inversiones/detalles/depositos-a-plazo.html]
[banco.santander.cl/personas/seguros/automotriz/detalles/seguro-soap.html]
[banco.santander.cl/personas/javascript/site-8fbe2a5bb1110baeb1150e9ab330769168fcf59b22bb1209b23bb0d638b35435.js]
[tags.tiqcdn.com/utag/santander/ch-online-banking/prod/utag.js]
[banco.santander.cl/assets/site/libs/manager-9ea3c353467e24c216f26f68f0033d3b83afc8470a5789d79eb060d414f270de.js]
[banco.santander.cl/personas.html]
[banco.santander.cl/index.html]
[banco.santander.cl/version/index.html]
[banco.santander.cl/fueradelinea/index.html]
[banco.santander.cl/uploads/000/028/089/05cdb7df-4d33-42f3-a97d-5b1cb7aba906/C32x32/favicon-santander.ico]
[banco.santander.cl/uploads/000/008/899/388e95f7-98a9-4d13-b674-503880e67821/C57x57/apple_logo.png]
[banco.santander.cl/uploads/000/008/899/388e95f7-98a9-4d13-b674-503880e67821/C72x72/apple_logo.png]
[banco.santander.cl/uploads/000/008/899/388e95f7-98a9-4d13-b674-503880e67821/C114x114/apple_logo.png]
[banco.santander.cl/uploads/000/008/899/388e95f7-98a9-4d13-b674-503880e67821/C144x144/apple_logo.png]
[banco.santander.cl/informacion/navegador-no-compatible.html]
[banco.santander.cl/uploads/000/009/028/58109139-023c-4223-9e59-893f57ddcf28/original/Ilustracion_HeroNoticias.png]
[banco.santander.cl/uploads/000/024/797/5a68f273-7959-4580-9423-5a6a284d92e2/original/newp-check.svg]
[banco.santander.cl/uploads/000/012/079/35db7bcb-0fca-41b5-b88e-2a7edd3f863e/original/str-error.svg]
[banco.santander.cl/uploads/000/009/956/2322105b-b724-446f-a0f7-c87e87b6efdc/original/user.png]
[banco.santander.cl/uploads/000/009/960/d607e866-d44e-4ef1-88d6-5cf8518db543/original/no_check.png]
[banco.santander.cl/uploads/000/009/961/8584005b-f650-4b41-91be-2ad0860a1a73/original/check_border.png]
[banco.santander.cl/uploads/000/023/049/5f11a8f3-94bd-4a00-a117-bb11b01fbe1b/original/bg-abril-sc-chileautos-min.jpg]
[banco.santander.cl/uploads/000/020/398/17abc29e-20da-4605-af03-e9168ab7fb36/original/str-error-contrast.svg]
[banco.santander.cl/uploads/000/021/742/ba1944a2-8f37-4ca0-a703-7a411819066b/original/camiseta-icon.png]
[banco.santander.cl/uploads/000/030/845/f0b339b7-ce7a-4158-91bc-365269d794c9/original/como-hacerlo-tutoriales-bg.jpg]
[banco.santander.cl/uploads/000/046/867/546a031d-40d9-48ca-910c-c829390673d1/original/img-piso-salmon.jpg]
[banco.santander.cl/uploads/000/050/494/ec64bc35-c167-4c9d-a461-39c7ee0b0ea5/original/descubre-mas-pattern.svg]
[banco.santander.cl/personas/stylesheets/site-8fbe2a5bb1110baeb1150e9ab330769168fcf59b22bb1209b23bb0d638b35435.css]
[assets.adobedtm.com/c1b9100ea8e4/0cb058045019/launch-d648b6611f8a.min.js]
[banco.santander.cl/uploads/000/003/697/9c2347b3-ca36-4f53-9f65-5cd6bdabf0d2/original/logo_santander_new.svg]
[banco.santander.cl/uploads/000/050/658/eee143ba-b639-4e86-a64d-f44f88ade09f/original/huincha-fraude.png]
[banco.santander.cl/uploads/000/019/300/2dcca256-5e70-4a2f-a95b-8c74dc5012fc/original/str-travel-card_3_.svg]
[banco.santander.cl/uploads/000/019/586/465c51c3-01ff-4d42-a03c-67e67246b3cc/original/str-travel-card_contrast.svg]
[banco.santander.cl/personas/widget_manager/c48d044f-3bf2-4ee6-be98-7bd1666ea91e/93613be51538de8952fe29e1de2619281cf84f49c66162f995f93437dd390bfc.css]
[banco.santander.cl/uploads/000/045/826/e6b0be35-9139-4888-9c8f-2f4c2ead2dca/original/str-travel-card_3_black.svg]
[banco.santander.cl/personas/widget_manager/6f5d46c5-c86e-4558-b44e-6bac500221d1/63a83b1c8d940e039455052a11fc90c6a0e74d5fa58ea9c8ea79d2663c2abcd5.css]
[banco.santander.cl/uploads/000/017/489/864f547b-78cc-498e-91b8-41e23ca1e6da/original/bg-title.png]
[banco.santander.cl/personas/widget_manager/11870ddc-8d25-4b1e-b784-c3605dd414d2/8dc5d92b00c1b1dcaec9834ecd974f23ca92cec94ee049159255d6c63298d704.css]
[banco.santander.cl/uploads/000/040/007/e1b68695-2c93-411f-be9b-5fcd955b64b5/original/bg-nuevo-destacados-home.png]
[banco.santander.cl/personas/widget_manager/c01bfe85-7950-4316-88d8-8ee62dad0da8/dd22320e68eea9a3d3df16bf426122094f7a4b5dceff365eec47414cf9638d43.css]
[banco.santander.cl/uploads/000/041/699/b9e4afac-1eb0-451c-9021-0107dc6fa758/original/crediagil.svg]
[banco.santander.cl/personas/widget_manager/388209df-e610-4e33-8f27-7389a6b5d6bc/0dea844bd6d415d90f56e4f2f13ccb5e3be12e6ed2f2a9d5345cc5a12747d092.css]
[banco.santander.cl/uploads/000/016/280/5a20d46b-15d3-444c-9425-59df59231a90/original/bg-nuevo-destacados-home.png]
[banco.santander.cl/personas/widget_manager/9eb6ff51-6fba-4568-b2a0-a45c55f229f6/ca45c936591a2a80ef77ee6b0084818a52e33425adbef6507dcae170004e9625.css]
[banco.santander.cl/uploads/000/019/871/17a5e915-d680-4bd2-9fcd-e94ee900e682/original/bg-acceso.svg]
[banco.santander.cl/personas/widget_manager/50f91996-2cc0-4696-94ca-a04ad35a39a4/db5b47418540b7a606ca6b9dee7760d67488ffc0c336eab0aba4cb265d46df27.css]
[banco.santander.cl/uploads/000/008/939/0b02f246-f6f1-4934-808c-633e4f0e7d58/original/beneficios-bg.png]
[banco.santander.cl/personas/widget_manager/34b0af4b-11c0-4457-8216-612b8a823c64/a71d45fd71ba57bf7289a6333a237472a126942f188149069961198d67e6511e.css]
[banco.santander.cl/personas/widget_manager/a2215f94-464f-4a21-89e4-ea8e55489a8f/90435666704c9f550fa2c93e1de0f9484d54e905b3d122fd2d2ed723abca0796.css]
[banco.santander.cl/personas/widget_manager/41985e4e-8405-470c-8384-d9fa087f4a52/4a0f2813e5270df19d0ec0f52f88e69741f16f4bdb2401fd98d9242a7c17440b.css]
[banco.santander.cl/uploads/000/044/449/2c9d7997-a612-4229-8bdf-ca0b218fca6a/original/logo-home.svg]
[banco.santander.cl/uploads/000/044/450/50a88a2e-6f26-4b48-b976-55b0ae067a7c/original/logo-black.svg]
[banco.santander.cl/personas/widget_manager/3f32fb08-ea77-4622-bb6a-946691cd8ee3/bd8781c2e84bdd3139a766b17c0da41c91743d5cc4f43e0a2eebc920f7484d08.css]
[www.google.com/recaptcha/api.js]
[banco.santander.cl/uploads/000/042/219/84b0d651-832e-4657-90ab-99944df6867d/original/img-ilustracion-denuncia.png]
[banco.santander.cl/uploads/000/019/517/c2007a82-dcde-46a5-a91a-8fa40139dd73/original/atencion-2.png]
[banco.santander.cl/uploads/000/050/493/2ac53b7d-3d73-4e1d-94ce-711ca6cd696f/original/asesoria-agendada.svg]
[banco.santander.cl/sucursales-santander/index.html]
[banco.santander.cl/personas/seguros.html]
[banco.santander.cl/uploads/000/050/495/37d80c99-4b8d-4536-b630-fa8e8232d809/original/descubre-mas.png]
[banco.santander.cl/personas/seguros/vida/detalles.html]
[banco.santander.cl/personas/planes095e.html]
[banco.santander.cl/personas/seguros/automotriz/detalles8304.html]
[banco.santander.cl/personas/seguros/automotriz/detalles.html]
[banco.santander.cl/personas/widget_manager/f6a62096-fdcc-4d3f-92b7-f7c4a2458923/959e310daae5d2cfb2d771057024fe226dd1aa1385e646c6c8b39edbd61f6c39.css]
[banco.santander.cl/personas/widget_manager/de3bf5cf-9da3-4046-aa01-212d5b2bbacb/0e8f4d11e6d2204f6808be2a85108ff49493d31fdf8196ee3ae9dc259008ede5.css]
[banco.santander.cl/personas/widget_manager/dbd0c76f-3976-4791-8aaa-dbdce4a96c5b/39d6451cf39967eceb990cf8d51fb1b78cc08a79cb78187d576fdd48b6e8fd10.css]
[banco.santander.cl/personas/widget_manager/474f763d-2d8a-4470-b6ae-5736e076203a/0442ab39da8be4d77e30a7d2d859c8b965a81eba59fbdf2c0e40d4103ba4ea57.css]
[banco.santander.cl/personas/widget_manager/27311343-90ad-41b6-82f6-a897edf77d6b/d726e1a0ae8283b512aa5eaaab60cb4bff8ec13c8e8106580967e5488a76a42e.css]
[banco.santander.cl/personas/widget_manager/9e421503-5c9c-4bef-a764-805dcac02fa9/2568e652706779579b354b235ff991ab85d8e8c866abe0ce0ac7fb6d8daf4ad4.css]
[banco.santander.cl/personas/widget_manager/5a894f43-eed4-4fe4-911c-2e8364517c8a/f1ae839adecd8dde13fc59b392fcf623e5562aab04d151c4f06e243329958094.css]
[banco.santander.cl/personas/tarjetas.html]
[banco.santander.cl/personas/widget_manager/1e8e7fa8-03fb-4813-b399-3c1c1eae7e7b/146cfe9a11c8f8fc4ad987d1605f3fabf3ec30b461f910147097cb4bb63356fd.css]
[banco.santander.cl/personas/planes.html]
[banco.santander.cl/personas/widget_manager/31cdd39a-8b80-4986-a4e1-48f9563b02ed/352063435a6c0a620e499214cab7905969bf7c07f04390c56fda766b7991025b.css]
[banco.santander.cl/personas/planes/cuenta-corriente-life.html]
[banco.santander.cl/uploads/000/012/390/270a4217-58ef-4c0b-a6e9-03604157ca76/original/tarjeta-debito-mastercard.png]
[banco.santander.cl/uploads/000/020/310/29a0b065-0aa5-4501-93d3-90b0dd1ebf6d/original/bg-tarjetas-pulsera.jpg]
[banco.santander.cl/uploads/000/020/279/038c0934-1261-44d5-b8f5-8daaaf85c196/original/pulserachip-comoda-2.png]
[banco.santander.cl/personas/tarjetas/pulsera.html]
[banco.santander.cl/tarifas-y-comisiones.html]
[banco.santander.cl/sucursales-santander.html]
[banco.santander.cl/uploads/000/030/813/a3a483cf-9d73-4fe3-b452-715882120f55/original/qr_sitio_publico.png]
[banco.santander.cl/personas/tarjetas/debito/detalles/tarjeta-de-debito.html]
[banco.santander.cl/personas/widget_manager/157f3348-c8bf-4f25-838d-84fedd79e362/f5b056d337646f4359594ae245032135b593c22b22b4464647e861db748e84f6.css]
[banco.santander.cl/personas/productos-santander/cuenta-corriente-moneda-extranjera.html]
[banco.santander.cl/uploads/000/024/086/1e9a3e36-d3bf-43e3-a752-723295ba3b87/original/camisetas-banner-f.png]
[banco.santander.cl/uploads/000/019/867/51f8d7db-8700-4460-a6a4-37e424cc1b6e/original/bg-life.png]
[banco.santander.cl/uploads/000/019/866/4da17be7-b8bd-4b8b-8ee5-507525a12685/original/celular-life.png]
[banco.santander.cl/uploads/000/016/784/f564ff1b-0a14-46bb-9145-ea540fe17192/original/cta-cte-life-logo.png]
[banco.santander.cl/uploads/000/019/868/df76a41d-8c5e-459b-b703-12e583a89201/original/logo-cta-cte-life-desk.png]
[banco.santander.cl/personas/inversiones/detalles/fondos-mutuos.html]
[banco.santander.cl/uploads/000/032/783/bab5e55c-5580-4a1c-a8dd-162e8faed015/original/imagen_podcast_2_-_copia.jpg]
[banco.santander.cl/uploads/000/032/781/016f4c1b-4fe0-4c59-9f4f-403f734cf3af/original/Asset_Management_Podcast_56.mp3]
[banco.santander.cl/personas/inversiones/detalles/depositos-a-plazo.html]
[banco.santander.cl/uploads/000/006/703/eba5c60e-7408-4240-9f2c-e4ef0b4ed163/original/01-automovil.png]
[banco.santander.cl/uploads/000/006/705/a0279dbf-6980-4d56-889b-55bc012dce91/original/02-camioneta.png]
[banco.santander.cl/uploads/000/006/707/3ccae076-67a5-406a-a6c0-eec7936d7ab1/original/03-motocicleta.png]
[banco.santander.cl/uploads/000/006/704/090f0ce5-3c27-49e6-b357-65d41909bbda/original/04-carro.png]
[banco.santander.cl/uploads/000/006/706/2ba670d8-761a-4690-b8b6-d75b3b240602/original/05-minibus.png]
[banco.santander.cl/personas/seguros/automotriz/detalles/seguro-soap.html]
[banco.santander.cl/fueradelinea/assets/css/style.css]
[banco.santander.cl/fueradelinea/index.html]
[banco.santander.cl/uploads/000/024/797/5a68f273-7959-4580-9423-5a6a284d92e2/original/newp-check.svg]
[banco.santander.cl/uploads/000/012/079/35db7bcb-0fca-41b5-b88e-2a7edd3f863e/original/str-error.svg]
[banco.santander.cl/uploads/000/020/398/17abc29e-20da-4605-af03-e9168ab7fb36/original/str-error-contrast.svg]
[banco.santander.cl/uploads/000/050/494/ec64bc35-c167-4c9d-a461-39c7ee0b0ea5/original/descubre-mas-pattern.svg]
[banco.santander.cl/uploads/000/019/300/2dcca256-5e70-4a2f-a95b-8c74dc5012fc/original/str-travel-card_3_.svg]
[banco.santander.cl/uploads/000/019/586/465c51c3-01ff-4d42-a03c-67e67246b3cc/original/str-travel-card_contrast.svg]
[banco.santander.cl/uploads/000/045/826/e6b0be35-9139-4888-9c8f-2f4c2ead2dca/original/str-travel-card_3_black.svg]
[banco.santander.cl/uploads/000/041/699/b9e4afac-1eb0-451c-9021-0107dc6fa758/original/crediagil.svg]
[banco.santander.cl/uploads/000/019/871/17a5e915-d680-4bd2-9fcd-e94ee900e682/original/bg-acceso.svg]
[banco.santander.cl/uploads/000/044/449/2c9d7997-a612-4229-8bdf-ca0b218fca6a/original/logo-home.svg]
[banco.santander.cl/uploads/000/044/450/50a88a2e-6f26-4b48-b976-55b0ae067a7c/original/logo-black.svg]
[banco.santander.cl/personas/seguros/vida/version/index.html]
[banco.santander.cl/uploads/000/028/095/c035b46b-2652-407b-8687-7d03933b9ce8/C32x32/favicon-santander.ico]
[banco.santander.cl/uploads/000/017/469/7f7435c0-40fe-459e-a0ac-693307abe046/C57x57/apple_logo.png]
[banco.santander.cl/uploads/000/017/469/7f7435c0-40fe-459e-a0ac-693307abe046/C72x72/apple_logo.png]
[banco.santander.cl/uploads/000/017/469/7f7435c0-40fe-459e-a0ac-693307abe046/C114x114/apple_logo.png]
[banco.santander.cl/uploads/000/017/469/7f7435c0-40fe-459e-a0ac-693307abe046/C144x144/apple_logo.png]
[banco.santander.cl/sucursales-santander/stylesheets/site-15f9afbdfa88528cd91925939a138ad755e9416d17697997e015593b6b270e05.css]
[banco.santander.cl/sucursales-santander/widget_manager/ff82642e-0429-45d3-a05c-82733eb21546/3b08d043d0206dd8e29efe9d7970905ecee9890ea046fdd672730064c25f9253.css]
[banco.santander.cl/sucursales-santander/index.html]
[banco.santander.cl/uploads/000/050/493/2ac53b7d-3d73-4e1d-94ce-711ca6cd696f/original/asesoria-agendada.svg]
[banco.santander.cl/sucursales-santander/javascript/site-15f9afbdfa88528cd91925939a138ad755e9416d17697997e015593b6b270e05.js]
[banco.santander.cl/personas/widget_manager/91ba1945-74dd-4c61-a5a8-f0e09f85e822/cab8ff5ba702b629c3b650925df191073e9ffaa8a4c406230aa59107a54068f3.css]
[banco.santander.cl/personas/seguros.html]
[banco.santander.cl/personas/planes095e.html]
[banco.santander.cl/personas/seguros/automotriz/detalles8304.html]
[banco.santander.cl/personas/seguros/automotriz/version/index.html]
[banco.santander.cl/personas/version/index.html]
[banco.santander.cl/personas/widget_manager/f6a62096-fdcc-4d3f-92b7-f7c4a2458923/959e310daae5d2cfb2d771057024fe226dd1aa1385e646c6c8b39edbd61f6c39.css]
[banco.santander.cl/uploads/000/030/817/b06b83a9-5a06-4ae5-a0e0-2be0acdfd30b/original/onboard-bg-destacado.jpg]
[banco.santander.cl/uploads/000/043/443/e16ba51a-ef59-48e7-b2b7-e54a0e6fd1f4/original/img-medios-pago-dekstop-2.png]
[banco.santander.cl/uploads/000/043/444/1af4fef9-abdf-4c7a-86c4-82e7f29d00a3/original/img-medios-pago-mobile-2.png]
[banco.santander.cl/personas/widget_manager/de3bf5cf-9da3-4046-aa01-212d5b2bbacb/0e8f4d11e6d2204f6808be2a85108ff49493d31fdf8196ee3ae9dc259008ede5.css]
[banco.santander.cl/personas/widget_manager/dbd0c76f-3976-4791-8aaa-dbdce4a96c5b/39d6451cf39967eceb990cf8d51fb1b78cc08a79cb78187d576fdd48b6e8fd10.css]
[banco.santander.cl/personas/widget_manager/474f763d-2d8a-4470-b6ae-5736e076203a/0442ab39da8be4d77e30a7d2d859c8b965a81eba59fbdf2c0e40d4103ba4ea57.css]
[banco.santander.cl/personas/widget_manager/27311343-90ad-41b6-82f6-a897edf77d6b/d726e1a0ae8283b512aa5eaaab60cb4bff8ec13c8e8106580967e5488a76a42e.css]
[banco.santander.cl/personas/widget_manager/9e421503-5c9c-4bef-a764-805dcac02fa9/2568e652706779579b354b235ff991ab85d8e8c866abe0ce0ac7fb6d8daf4ad4.css]
[banco.santander.cl/personas/widget_manager/5a894f43-eed4-4fe4-911c-2e8364517c8a/f1ae839adecd8dde13fc59b392fcf623e5562aab04d151c4f06e243329958094.css]
[banco.santander.cl/uploads/000/048/695/f6d15985-ce0d-47e9-9faa-424695e5db11/original/destacado-mas-lucas-jun24.jpg]
[banco.santander.cl/personas/widget_manager/1e8e7fa8-03fb-4813-b399-3c1c1eae7e7b/146cfe9a11c8f8fc4ad987d1605f3fabf3ec30b461f910147097cb4bb63356fd.css]
[banco.santander.cl/uploads/000/049/380/30af24d1-c986-4ab3-9615-d7f61f4e0a2a/original/destacado-cuenta-corriente-life.jpg]
[banco.santander.cl/personas/planes/version/index.html]
[banco.santander.cl/uploads/000/024/182/f879988d-7a2e-4bd9-aba7-131cc24c2588/original/background-figures-blue.svg]
[banco.santander.cl/uploads/000/024/183/d946ad18-fa50-4817-a0ef-0106db9aad21/original/background-figures-white.svg]
[banco.santander.cl/uploads/000/038/911/b5d59e9f-f3b2-4fac-9cae-31df4b8f0fce/original/bg-ahorro-life.jpg]
[banco.santander.cl/uploads/000/038/918/af2ec3e0-7233-44b1-8da1-59ea4552cab4/original/icono-colores-life.png]
[banco.santander.cl/uploads/000/049/378/85056522-f522-4af1-a72f-90d62e797e22/original/cuenta-dolares.jpg]
[banco.santander.cl/uploads/000/037/315/4549408a-8f22-45cb-affe-9fbdf3879b4e/original/bg-amazon-prime-life.jpg]
[banco.santander.cl/personas/widget_manager/31cdd39a-8b80-4986-a4e1-48f9563b02ed/352063435a6c0a620e499214cab7905969bf7c07f04390c56fda766b7991025b.css]
[banco.santander.cl/personas/tarjetas/debito/detalles/version/index.html]
[banco.santander.cl/personas/widget_manager/593c0f91-3f87-413f-a4d4-acbfc192c2d7/e7588414d1ade5bd7fc2cfeaa3da4ee3a038580e4732ff89d3273ea8a8ce64ba.css]
[banco.santander.cl/personas/tarjetas/pulsera.html]
[banco.santander.cl/uploads/000/028/096/04f29311-11a8-4539-ad96-37b2e970cf8a/C32x32/favicon-santander.ico]
[banco.santander.cl/uploads/000/008/309/3f68015b-da0b-48c7-9b85-e09d324c2378/C57x57/apple_logo.png]
[banco.santander.cl/uploads/000/008/309/3f68015b-da0b-48c7-9b85-e09d324c2378/C72x72/apple_logo.png]
[banco.santander.cl/uploads/000/008/309/3f68015b-da0b-48c7-9b85-e09d324c2378/C114x114/apple_logo.png]
[banco.santander.cl/uploads/000/008/309/3f68015b-da0b-48c7-9b85-e09d324c2378/C144x144/apple_logo.png]
[banco.santander.cl/tarifas-y-comisiones/stylesheets/site-81792992338257099d933a7f5619813567b826d49914922e4de26b439dc08d8d.css]
[banco.santander.cl/tarifas-y-comisiones/widget_manager/d802c940-43e0-4948-84cc-5098f4110b5e/f9134317a55d667c4b1cf6c122b2b8a770cab0166a8b15f0296eba15caf0178a.css]
[banco.santander.cl/tarifas-y-comisiones.html]
[banco.santander.cl/sucursales-santander.html]
[banco.santander.cl/personas/productos-santander/version/index.html]
[banco.santander.cl/tarifas-y-comisiones/javascript/site-81792992338257099d933a7f5619813567b826d49914922e4de26b439dc08d8d.js]
[banco.santander.cl/uploads/000/035/826/463f93b1-7e0d-4ef7-b824-c7d2f23890c1/original/cuenta-corriente-mx-ab-desktop.png]
[banco.santander.cl/uploads/000/035/821/a4c62c02-3f62-454b-9759-f4b676981429/original/cc-mx-background-2-desktop.png]
[banco.santander.cl/uploads/000/035/189/39c6b645-a491-4d90-b514-a0545ed3e918/original/cc-mx-linebot-2-desktop.png]
[banco.santander.cl/uploads/000/035/190/fb79a457-e1ad-4f3e-bf00-31edb4641ea5/original/cc-mx-background-4-desktop.png]
[banco.santander.cl/uploads/000/035/314/57186ef8-8b81-45c7-9265-e01502298cbb/original/cc-mx-background-6-desktop.png]
[banco.santander.cl/uploads/000/035/008/114e2026-1f86-4ee3-854e-76687a6fa871/original/cuenta-corriente-mx-ab-mobile.png]
[banco.santander.cl/personas/widget_manager/157f3348-c8bf-4f25-838d-84fedd79e362/f5b056d337646f4359594ae245032135b593c22b22b4464647e861db748e84f6.css]
[banco.santander.cl/personas/inversiones/detalles/version/index.html]
[banco.santander.cl/personas/seguros/automotriz/detalles/version/index.html]
[banco.santander.cl/fueradelinea/assets/fonts/icomoon4b12.eot]
[banco.santander.cl/fueradelinea/assets/fonts/icomoon4b12.ttf]
[banco.santander.cl/fueradelinea/assets/fonts/icomoon4b12.woff]
[banco.santander.cl/fueradelinea/assets/fonts/icomoon4b12.svg]
[banco.santander.cl/fueradelinea/assets/img/icon-information.png]
[banco.santander.cl/fueradelinea/assets/css/style.css]
[banco.santander.cl/sucursales-santander/stylesheets/site-15f9afbdfa88528cd91925939a138ad755e9416d17697997e015593b6b270e05.css]
[banco.santander.cl/sucursales-santander/version/index.html]
[banco.santander.cl/uploads/000/045/753/ba90605c-1532-4808-b53a-0947cab4f3f7/original/bg-sucursales-servipag-v6.png]
[banco.santander.cl/uploads/000/045/744/9c33ca9b-2d1c-4fec-926c-0311358a6454/original/bg-sucursales-servipag-v5-m.png]
[banco.santander.cl/sucursales-santander/widget_manager/ff82642e-0429-45d3-a05c-82733eb21546/3b08d043d0206dd8e29efe9d7970905ecee9890ea046fdd672730064c25f9253.css]
[banco.santander.cl/uploads/000/040/038/d4c2172e-66e4-48bb-b429-eb53a05cc15f/original/icono-soap-white.svg]
[banco.santander.cl/uploads/000/040/037/9acefff3-b8b4-453e-a93a-44599853e11d/original/icono-soap.svg]
[banco.santander.cl/uploads/000/033/855/af0a9a9a-fd30-4db4-b844-7bcddd8dc028/original/bg-destacado.png]
[banco.santander.cl/personas/widget_manager/91ba1945-74dd-4c61-a5a8-f0e09f85e822/cab8ff5ba702b629c3b650925df191073e9ffaa8a4c406230aa59107a54068f3.css]
[banco.santander.cl/uploads/000/024/182/f879988d-7a2e-4bd9-aba7-131cc24c2588/original/background-figures-blue.svg]
[banco.santander.cl/uploads/000/024/183/d946ad18-fa50-4817-a0ef-0106db9aad21/original/background-figures-white.svg]
[banco.santander.cl/personas/tarjetas/version/index.html]
[banco.santander.cl/uploads/000/020/281/be067d4f-ef06-417f-948f-2a8161c51f73/original/pulserachip-comoda-contrastr.png]
[banco.santander.cl/personas/widget_manager/593c0f91-3f87-413f-a4d4-acbfc192c2d7/e7588414d1ade5bd7fc2cfeaa3da4ee3a038580e4732ff89d3273ea8a8ce64ba.css]
[banco.santander.cl/tarifas-y-comisiones/stylesheets/site-81792992338257099d933a7f5619813567b826d49914922e4de26b439dc08d8d.css]
[banco.santander.cl/tarifas-y-comisiones/widget_manager/d802c940-43e0-4948-84cc-5098f4110b5e/f9134317a55d667c4b1cf6c122b2b8a770cab0166a8b15f0296eba15caf0178a.css]
[banco.santander.cl/fueradelinea/assets/fonts/icomoon4b12.svg]
[banco.santander.cl/uploads/000/040/038/d4c2172e-66e4-48bb-b429-eb53a05cc15f/original/icono-soap-white.svg]
[banco.santander.cl/uploads/000/040/037/9acefff3-b8b4-453e-a93a-44599853e11d/original/icono-soap.svg]
